app/build/outputs/logs/manifest-merger-debug-report.txt
-- Merging decision tree log ---
manifest
ADDED from src\main\AndroidManifest.xml:2:1-47:12
INJECTED from src\main\AndroidManifest.xml:2:1-47:12
INJECTED from src\main\AndroidManifest.xml:2:1-47:12
INJECTED from src\main\AndroidManifest.xml:2:1-47:12
MERGED from [com.felipecsl:gifimageview:2.1.0] AndroidManifest.xml:2:1-12:12
MERGED from [com.google.firebase:firebase-core:15.0.0] AndroidManifest.xml:2:1-9:12
MERGED from [com.google.firebase:firebase-firestore:15.0.0] AndroidManifest.xml:2:1-8:12
MERGED from [com.android.support:design:26.1.0] AndroidManifest.xml:17:1-31:12
MERGED from [com.android.support:appcompat-v7:26.1.0] AndroidManifest.xml:17:1-31:12
MERGED from [com.android.support.constraint:constraint-layout:1.1.0] AndroidManifest.xml:2:1-11:12
MERGED from [com.google.firebase:firebase-analytics:15.0.2] AndroidManifest.xml:17:1-55:12
MERGED from [com.google.firebase:firebase-analytics-impl:15.0.2] AndroidManifest.xml:17:1-41:12
MERGED from [com.google.firebase:firebase-iid:15.1.0] AndroidManifest.xml:17:1-65:12
MERGED from [com.google.firebase:firebase-common:15.0.1] AndroidManifest.xml:2:1-15:12
MERGED from [com.google.firebase:firebase-iid-interop:15.0.0] AndroidManifest.xml:2:1-10:12
MERGED from [com.google.android.gms:play-services-base:15.0.1] AndroidManifest.xml:17:1-29:12
MERGED from [com.google.android.gms:play-services-tasks:15.0.1] AndroidManifest.xml:2:1-9:12
MERGED from [com.google.firebase:firebase-database-collection:15.0.1] AndroidManifest.xml:2:1-8:12
MERGED from [com.google.android.gms:play-services-stats:15.0.1] AndroidManifest.xml:2:1-9:12
MERGED from [com.google.android.gms:play-services-ads-identifier:15.0.1] AndroidManifest.xml:17:1-24:12
MERGED from [com.google.android.gms:play-services-basement:15.0.1] AndroidManifest.xml:17:1-28:12
MERGED from [com.android.support:transition:26.1.0] AndroidManifest.xml:17:1-28:12
MERGED from [com.android.support:support-v4:26.1.0] AndroidManifest.xml:17:1-31:12
MERGED from [com.android.support:animated-vector-drawable:26.1.0] AndroidManifest.xml:17:1-28:12
MERGED from [com.android.support:support-vector-drawable:26.1.0] AndroidManifest.xml:17:1-28:12
MERGED from [com.android.support:support-media-compat:26.1.0] AndroidManifest.xml:17:1-31:12
MERGED from [com.android.support:support-fragment:26.1.0] AndroidManifest.xml:17:1-31:12
MERGED from [com.android.support:support-core-utils:26.1.0] AndroidManifest.xml:17:1-31:12
MERGED from [com.android.support:recyclerview-v7:26.1.0] AndroidManifest.xml:17:1-28:12
MERGED from [com.android.support:support-core-ui:26.1.0] AndroidManifest.xml:17:1-31:12
MERGED from [com.android.support:support-compat:26.1.0] AndroidManifest.xml:17:1-31:12
MERGED from [com.google.android.gms:play-services-measurement-base:15.0.2] AndroidManifest.xml:17:1-24:12
MERGED from [android.arch.lifecycle:runtime:1.0.0] AndroidManifest.xml:17:1-30:12
INJECTED from src\main\AndroidManifest.xml:2:1-47:12
INJECTED from src\main\AndroidManifest.xml:2:1-47:12
INJECTED from src\main\AndroidManifest.xml:2:1-47:12
	package
		ADDED from src\main\AndroidManifest.xml:3:5-38
		INJECTED from src\main\AndroidManifest.xml
		INJECTED from src\main\AndroidManifest.xml
	android:versionName
		INJECTED from src\main\AndroidManifest.xml
		ADDED from src\main\AndroidManifest.xml:2:1-47:12
		INJECTED from src\main\AndroidManifest.xml
	android:versionCode
		INJECTED from src\main\AndroidManifest.xml
		ADDED from src\main\AndroidManifest.xml:2:1-47:12
		INJECTED from src\main\AndroidManifest.xml
	xmlns:android
		ADDED from src\main\AndroidManifest.xml:2:11-69
uses-feature#android.hardware.bluetooth
ADDED from src\main\AndroidManifest.xml:6:5-62
	android:name
		ADDED from src\main\AndroidManifest.xml:6:19-60
uses-permission#android.permission.BLUETOOTH_ADMIN
ADDED from src\main\AndroidManifest.xml:7:5-74
	android:name
		ADDED from src\main\AndroidManifest.xml:7:22-71
uses-permission#android.permission.BLUETOOTH
ADDED from src\main\AndroidManifest.xml:8:5-68
	android:name
		ADDED from src\main\AndroidManifest.xml:8:22-65
uses-permission#android.permission.BLUETOOTH_PRIVILEGED
ADDED from src\main\AndroidManifest.xml:9:5-78
	android:name
		ADDED from src\main\AndroidManifest.xml:9:22-76
uses-permission#android.permission.ACCESS_COARSE_LOCATION
ADDED from src\main\AndroidManifest.xml:10:5-81
	android:name
		ADDED from src\main\AndroidManifest.xml:10:22-78
uses-permission#android.permission.ACCESS_FINE_LOCATION
ADDED from src\main\AndroidManifest.xml:11:5-79
	android:name
		ADDED from src\main\AndroidManifest.xml:11:22-76
uses-permission#android.permission.READ_EXTERNAL_STORAGE
ADDED from src\main\AndroidManifest.xml:12:5-80
	android:name
		ADDED from src\main\AndroidManifest.xml:12:22-77
application
ADDED from src\main\AndroidManifest.xml:14:5-45:19
MERGED from [com.felipecsl:gifimageview:2.1.0] AndroidManifest.xml:10:5-20
MERGED from [com.felipecsl:gifimageview:2.1.0] AndroidManifest.xml:10:5-20
MERGED from [com.google.firebase:firebase-core:15.0.0] AndroidManifest.xml:7:5-20
MERGED from [com.google.firebase:firebase-core:15.0.0] AndroidManifest.xml:7:5-20
MERGED from [com.android.support:design:26.1.0] AndroidManifest.xml:25:5-29:19
MERGED from [com.android.support:design:26.1.0] AndroidManifest.xml:25:5-29:19
MERGED from [com.android.support:appcompat-v7:26.1.0] AndroidManifest.xml:25:5-29:19
MERGED from [com.android.support:appcompat-v7:26.1.0] AndroidManifest.xml:25:5-29:19
MERGED from [com.android.support.constraint:constraint-layout:1.1.0] AndroidManifest.xml:9:5-20
MERGED from [com.android.support.constraint:constraint-layout:1.1.0] AndroidManifest.xml:9:5-20
MERGED from [com.google.firebase:firebase-analytics:15.0.2] AndroidManifest.xml:28:5-53:19
MERGED from [com.google.firebase:firebase-analytics:15.0.2] AndroidManifest.xml:28:5-53:19
MERGED from [com.google.firebase:firebase-analytics-impl:15.0.2] AndroidManifest.xml:28:5-39:19
MERGED from [com.google.firebase:firebase-analytics-impl:15.0.2] AndroidManifest.xml:28:5-39:19
MERGED from [com.google.firebase:firebase-iid:15.1.0] AndroidManifest.xml:34:5-63:19
MERGED from [com.google.firebase:firebase-iid:15.1.0] AndroidManifest.xml:34:5-63:19
MERGED from [com.google.firebase:firebase-common:15.0.1] AndroidManifest.xml:7:5-13:19
MERGED from [com.google.firebase:firebase-common:15.0.1] AndroidManifest.xml:7:5-13:19
MERGED from [com.google.firebase:firebase-iid-interop:15.0.0] AndroidManifest.xml:7:5-8:19
MERGED from [com.google.firebase:firebase-iid-interop:15.0.0] AndroidManifest.xml:7:5-8:19
MERGED from [com.google.android.gms:play-services-base:15.0.1] AndroidManifest.xml:22:5-27:19
MERGED from [com.google.android.gms:play-services-base:15.0.1] AndroidManifest.xml:22:5-27:19
MERGED from [com.google.android.gms:play-services-tasks:15.0.1] AndroidManifest.xml:7:5-20
MERGED from [com.google.android.gms:play-services-tasks:15.0.1] AndroidManifest.xml:7:5-20
MERGED from [com.google.android.gms:play-services-stats:15.0.1] AndroidManifest.xml:7:5-20
MERGED from [com.google.android.gms:play-services-stats:15.0.1] AndroidManifest.xml:7:5-20
MERGED from [com.google.android.gms:play-services-ads-identifier:15.0.1] AndroidManifest.xml:22:5-20
MERGED from [com.google.android.gms:play-services-ads-identifier:15.0.1] AndroidManifest.xml:22:5-20
MERGED from [com.google.android.gms:play-services-basement:15.0.1] AndroidManifest.xml:22:5-26:19
MERGED from [com.google.android.gms:play-services-basement:15.0.1] AndroidManifest.xml:22:5-26:19
MERGED from [com.android.support:transition:26.1.0] AndroidManifest.xml:22:5-26:19
MERGED from [com.android.support:transition:26.1.0] AndroidManifest.xml:22:5-26:19
MERGED from [com.android.support:support-v4:26.1.0] AndroidManifest.xml:25:5-29:19
MERGED from [com.android.support:support-v4:26.1.0] AndroidManifest.xml:25:5-29:19
MERGED from [com.android.support:animated-vector-drawable:26.1.0] AndroidManifest.xml:22:5-26:19
MERGED from [com.android.support:animated-vector-drawable:26.1.0] AndroidManifest.xml:22:5-26:19
MERGED from [com.android.support:support-vector-drawable:26.1.0] AndroidManifest.xml:22:5-26:19
MERGED from [com.android.support:support-vector-drawable:26.1.0] AndroidManifest.xml:22:5-26:19
MERGED from [com.android.support:support-media-compat:26.1.0] AndroidManifest.xml:25:5-29:19
MERGED from [com.android.support:support-media-compat:26.1.0] AndroidManifest.xml:25:5-29:19
MERGED from [com.android.support:support-fragment:26.1.0] AndroidManifest.xml:25:5-29:19
MERGED from [com.android.support:support-fragment:26.1.0] AndroidManifest.xml:25:5-29:19
MERGED from [com.android.support:support-core-utils:26.1.0] AndroidManifest.xml:25:5-29:19
MERGED from [com.android.support:support-core-utils:26.1.0] AndroidManifest.xml:25:5-29:19
MERGED from [com.android.support:recyclerview-v7:26.1.0] AndroidManifest.xml:22:5-26:19
MERGED from [com.android.support:recyclerview-v7:26.1.0] AndroidManifest.xml:22:5-26:19
MERGED from [com.android.support:support-core-ui:26.1.0] AndroidManifest.xml:25:5-29:19
MERGED from [com.android.support:support-core-ui:26.1.0] AndroidManifest.xml:25:5-29:19
MERGED from [com.android.support:support-compat:26.1.0] AndroidManifest.xml:25:5-29:19
MERGED from [com.android.support:support-compat:26.1.0] AndroidManifest.xml:25:5-29:19
MERGED from [com.google.android.gms:play-services-measurement-base:15.0.2] AndroidManifest.xml:22:5-20
MERGED from [com.google.android.gms:play-services-measurement-base:15.0.2] AndroidManifest.xml:22:5-20
MERGED from [android.arch.lifecycle:runtime:1.0.0] AndroidManifest.xml:24:5-28:19
MERGED from [android.arch.lifecycle:runtime:1.0.0] AndroidManifest.xml:24:5-28:19
	android:supportsRtl
		ADDED from src\main\AndroidManifest.xml:19:9-35
	android:label
		ADDED from src\main\AndroidManifest.xml:17:9-41
	android:roundIcon
		ADDED from src\main\AndroidManifest.xml:18:9-54
	android:icon
		ADDED from src\main\AndroidManifest.xml:16:9-38
	android:allowBackup
		ADDED from src\main\AndroidManifest.xml:15:9-35
	android:theme
		ADDED from src\main\AndroidManifest.xml:20:9-40
activity#com.helix.smartbluelock.SplashActivity
ADDED from src\main\AndroidManifest.xml:21:9-29:20
	android:label
		ADDED from src\main\AndroidManifest.xml:23:13-45
	android:name
		ADDED from src\main\AndroidManifest.xml:22:13-43
intent-filter#android.intent.action.MAIN+android.intent.category.LAUNCHER
ADDED from src\main\AndroidManifest.xml:24:13-28:29
action#android.intent.action.MAIN
ADDED from src\main\AndroidManifest.xml:25:17-69
	android:name
		ADDED from src\main\AndroidManifest.xml:25:25-66
category#android.intent.category.LAUNCHER
ADDED from src\main\AndroidManifest.xml:27:17-77
	android:name
		ADDED from src\main\AndroidManifest.xml:27:27-74
activity#com.helix.smartbluelock.MainActivity
ADDED from src\main\AndroidManifest.xml:39:9-41:48
	android:label
		ADDED from src\main\AndroidManifest.xml:41:13-45
	android:name
		ADDED from src\main\AndroidManifest.xml:40:13-41
activity#com.helix.smartbluelock.Registration
ADDED from src\main\AndroidManifest.xml:42:9-44:48
	android:label
		ADDED from src\main\AndroidManifest.xml:44:13-45
	android:name
		ADDED from src\main\AndroidManifest.xml:43:13-41
uses-sdk
INJECTED from src\main\AndroidManifest.xml reason: use-sdk injection requested
INJECTED from src\main\AndroidManifest.xml
INJECTED from src\main\AndroidManifest.xml
MERGED from [com.felipecsl:gifimageview:2.1.0] AndroidManifest.xml:8:5-43
MERGED from [com.felipecsl:gifimageview:2.1.0] AndroidManifest.xml:8:5-43
MERGED from [com.google.firebase:firebase-core:15.0.0] AndroidManifest.xml:5:5-44
MERGED from [com.google.firebase:firebase-core:15.0.0] AndroidManifest.xml:5:5-44
MERGED from [com.google.firebase:firebase-firestore:15.0.0] AndroidManifest.xml:6:5-44
MERGED from [com.google.firebase:firebase-firestore:15.0.0] AndroidManifest.xml:6:5-44
MERGED from [com.android.support:design:26.1.0] AndroidManifest.xml:21:5-23:62
MERGED from [com.android.support:design:26.1.0] AndroidManifest.xml:21:5-23:62
MERGED from [com.android.support:appcompat-v7:26.1.0] AndroidManifest.xml:21:5-23:78
MERGED from [com.android.support:appcompat-v7:26.1.0] AndroidManifest.xml:21:5-23:78
MERGED from [com.android.support.constraint:constraint-layout:1.1.0] AndroidManifest.xml:5:5-7:41
MERGED from [com.android.support.constraint:constraint-layout:1.1.0] AndroidManifest.xml:5:5-7:41
MERGED from [com.google.firebase:firebase-analytics:15.0.2] AndroidManifest.xml:20:5-44
MERGED from [com.google.firebase:firebase-analytics:15.0.2] AndroidManifest.xml:20:5-44
MERGED from [com.google.firebase:firebase-analytics-impl:15.0.2] AndroidManifest.xml:20:5-44
MERGED from [com.google.firebase:firebase-analytics-impl:15.0.2] AndroidManifest.xml:20:5-44
MERGED from [com.google.firebase:firebase-iid:15.1.0] AndroidManifest.xml:20:5-44
MERGED from [com.google.firebase:firebase-iid:15.1.0] AndroidManifest.xml:20:5-44
MERGED from [com.google.firebase:firebase-common:15.0.1] AndroidManifest.xml:5:5-44
MERGED from [com.google.firebase:firebase-common:15.0.1] AndroidManifest.xml:5:5-44
MERGED from [com.google.firebase:firebase-iid-interop:15.0.0] AndroidManifest.xml:5:5-44
MERGED from [com.google.firebase:firebase-iid-interop:15.0.0] AndroidManifest.xml:5:5-44
MERGED from [com.google.android.gms:play-services-base:15.0.1] AndroidManifest.xml:20:5-44
MERGED from [com.google.android.gms:play-services-base:15.0.1] AndroidManifest.xml:20:5-44
MERGED from [com.google.android.gms:play-services-tasks:15.0.1] AndroidManifest.xml:5:5-44
MERGED from [com.google.android.gms:play-services-tasks:15.0.1] AndroidManifest.xml:5:5-44
MERGED from [com.google.firebase:firebase-database-collection:15.0.1] AndroidManifest.xml:6:5-44
MERGED from [com.google.firebase:firebase-database-collection:15.0.1] AndroidManifest.xml:6:5-44
MERGED from [com.google.android.gms:play-services-stats:15.0.1] AndroidManifest.xml:5:5-44
MERGED from [com.google.android.gms:play-services-stats:15.0.1] AndroidManifest.xml:5:5-44
MERGED from [com.google.android.gms:play-services-ads-identifier:15.0.1] AndroidManifest.xml:20:5-44
MERGED from [com.google.android.gms:play-services-ads-identifier:15.0.1] AndroidManifest.xml:20:5-44
MERGED from [com.google.android.gms:play-services-basement:15.0.1] AndroidManifest.xml:20:5-44
MERGED from [com.google.android.gms:play-services-basement:15.0.1] AndroidManifest.xml:20:5-44
MERGED from [com.android.support:transition:26.1.0] AndroidManifest.xml:20:5-44
MERGED from [com.android.support:transition:26.1.0] AndroidManifest.xml:20:5-44
MERGED from [com.android.support:support-v4:26.1.0] AndroidManifest.xml:21:5-23:54
MERGED from [com.android.support:support-v4:26.1.0] AndroidManifest.xml:21:5-23:54
MERGED from [com.android.support:animated-vector-drawable:26.1.0] AndroidManifest.xml:20:5-44
MERGED from [com.android.support:animated-vector-drawable:26.1.0] AndroidManifest.xml:20:5-44
MERGED from [com.android.support:support-vector-drawable:26.1.0] AndroidManifest.xml:20:5-44
MERGED from [com.android.support:support-vector-drawable:26.1.0] AndroidManifest.xml:20:5-44
MERGED from [com.android.support:support-media-compat:26.1.0] AndroidManifest.xml:21:5-23:63
MERGED from [com.android.support:support-media-compat:26.1.0] AndroidManifest.xml:21:5-23:63
MERGED from [com.android.support:support-fragment:26.1.0] AndroidManifest.xml:21:5-23:60
MERGED from [com.android.support:support-fragment:26.1.0] AndroidManifest.xml:21:5-23:60
MERGED from [com.android.support:support-core-utils:26.1.0] AndroidManifest.xml:21:5-23:61
MERGED from [com.android.support:support-core-utils:26.1.0] AndroidManifest.xml:21:5-23:61
MERGED from [com.android.support:recyclerview-v7:26.1.0] AndroidManifest.xml:20:5-44
MERGED from [com.android.support:recyclerview-v7:26.1.0] AndroidManifest.xml:20:5-44
MERGED from [com.android.support:support-core-ui:26.1.0] AndroidManifest.xml:21:5-23:58
MERGED from [com.android.support:support-core-ui:26.1.0] AndroidManifest.xml:21:5-23:58
MERGED from [com.android.support:support-compat:26.1.0] AndroidManifest.xml:21:5-23:58
MERGED from [com.android.support:support-compat:26.1.0] AndroidManifest.xml:21:5-23:58
MERGED from [com.google.android.gms:play-services-measurement-base:15.0.2] AndroidManifest.xml:20:5-44
MERGED from [com.google.android.gms:play-services-measurement-base:15.0.2] AndroidManifest.xml:20:5-44
MERGED from [android.arch.lifecycle:runtime:1.0.0] AndroidManifest.xml:20:5-22:41
MERGED from [android.arch.lifecycle:runtime:1.0.0] AndroidManifest.xml:20:5-22:41
INJECTED from src\main\AndroidManifest.xml
INJECTED from src\main\AndroidManifest.xml
	tools:overrideLibrary
		ADDED from [com.android.support:design:26.1.0] AndroidManifest.xml:23:9-59
	android:targetSdkVersion
		INJECTED from src\main\AndroidManifest.xml
		ADDED from src\main\AndroidManifest.xml
		INJECTED from src\main\AndroidManifest.xml
	android:minSdkVersion
		INJECTED from src\main\AndroidManifest.xml
		ADDED from src\main\AndroidManifest.xml
		INJECTED from src\main\AndroidManifest.xml
meta-data#android.support.VERSION
ADDED from [com.android.support:design:26.1.0] AndroidManifest.xml:26:9-28:38
MERGED from [com.android.support:appcompat-v7:26.1.0] AndroidManifest.xml:26:9-28:38
MERGED from [com.android.support:appcompat-v7:26.1.0] AndroidManifest.xml:26:9-28:38
MERGED from [com.android.support:transition:26.1.0] AndroidManifest.xml:23:9-25:38
MERGED from [com.android.support:transition:26.1.0] AndroidManifest.xml:23:9-25:38
MERGED from [com.android.support:support-v4:26.1.0] AndroidManifest.xml:26:9-28:38
MERGED from [com.android.support:support-v4:26.1.0] AndroidManifest.xml:26:9-28:38
MERGED from [com.android.support:animated-vector-drawable:26.1.0] AndroidManifest.xml:23:9-25:38
MERGED from [com.android.support:animated-vector-drawable:26.1.0] AndroidManifest.xml:23:9-25:38
MERGED from [com.android.support:support-vector-drawable:26.1.0] AndroidManifest.xml:23:9-25:38
MERGED from [com.android.support:support-vector-drawable:26.1.0] AndroidManifest.xml:23:9-25:38
MERGED from [com.android.support:support-media-compat:26.1.0] AndroidManifest.xml:26:9-28:38
MERGED from [com.android.support:support-media-compat:26.1.0] AndroidManifest.xml:26:9-28:38
MERGED from [com.android.support:support-fragment:26.1.0] AndroidManifest.xml:26:9-28:38
MERGED from [com.android.support:support-fragment:26.1.0] AndroidManifest.xml:26:9-28:38
MERGED from [com.android.support:support-core-utils:26.1.0] AndroidManifest.xml:26:9-28:38
MERGED from [com.android.support:support-core-utils:26.1.0] AndroidManifest.xml:26:9-28:38
MERGED from [com.android.support:recyclerview-v7:26.1.0] AndroidManifest.xml:23:9-25:38
MERGED from [com.android.support:recyclerview-v7:26.1.0] AndroidManifest.xml:23:9-25:38
MERGED from [com.android.support:support-core-ui:26.1.0] AndroidManifest.xml:26:9-28:38
MERGED from [com.android.support:support-core-ui:26.1.0] AndroidManifest.xml:26:9-28:38
MERGED from [com.android.support:support-compat:26.1.0] AndroidManifest.xml:26:9-28:38
MERGED from [com.android.support:support-compat:26.1.0] AndroidManifest.xml:26:9-28:38
	android:value
		ADDED from [com.android.support:design:26.1.0] AndroidManifest.xml:28:13-35
	android:name
		ADDED from [com.android.support:design:26.1.0] AndroidManifest.xml:27:13-51
uses-permission#android.permission.INTERNET
ADDED from [com.google.firebase:firebase-analytics:15.0.2] AndroidManifest.xml:23:5-67
MERGED from [com.google.firebase:firebase-analytics-impl:15.0.2] AndroidManifest.xml:23:5-67
MERGED from [com.google.firebase:firebase-analytics-impl:15.0.2] AndroidManifest.xml:23:5-67
MERGED from [com.google.firebase:firebase-iid:15.1.0] AndroidManifest.xml:23:5-67
MERGED from [com.google.firebase:firebase-iid:15.1.0] AndroidManifest.xml:23:5-67
	android:name
		ADDED from [com.google.firebase:firebase-analytics:15.0.2] AndroidManifest.xml:23:22-64
uses-permission#android.permission.ACCESS_NETWORK_STATE
ADDED from [com.google.firebase:firebase-analytics:15.0.2] AndroidManifest.xml:24:5-79
MERGED from [com.google.firebase:firebase-analytics-impl:15.0.2] AndroidManifest.xml:24:5-79
MERGED from [com.google.firebase:firebase-analytics-impl:15.0.2] AndroidManifest.xml:24:5-79
MERGED from [com.google.firebase:firebase-iid:15.1.0] AndroidManifest.xml:22:5-79
MERGED from [com.google.firebase:firebase-iid:15.1.0] AndroidManifest.xml:22:5-79
	android:name
		ADDED from [com.google.firebase:firebase-analytics:15.0.2] AndroidManifest.xml:24:22-76
uses-permission#android.permission.WAKE_LOCK
ADDED from [com.google.firebase:firebase-analytics:15.0.2] AndroidManifest.xml:25:5-68
MERGED from [com.google.firebase:firebase-analytics-impl:15.0.2] AndroidManifest.xml:25:5-68
MERGED from [com.google.firebase:firebase-analytics-impl:15.0.2] AndroidManifest.xml:25:5-68
MERGED from [com.google.firebase:firebase-iid:15.1.0] AndroidManifest.xml:24:5-68
MERGED from [com.google.firebase:firebase-iid:15.1.0] AndroidManifest.xml:24:5-68
	android:name
		ADDED from [com.google.firebase:firebase-analytics:15.0.2] AndroidManifest.xml:25:22-65
uses-permission#com.google.android.finsky.permission.BIND_GET_INSTALL_REFERRER_SERVICE
ADDED from [com.google.firebase:firebase-analytics:15.0.2] AndroidManifest.xml:26:5-110
MERGED from [com.google.firebase:firebase-analytics-impl:15.0.2] AndroidManifest.xml:26:5-110
MERGED from [com.google.firebase:firebase-analytics-impl:15.0.2] AndroidManifest.xml:26:5-110
	android:name
		ADDED from [com.google.firebase:firebase-analytics:15.0.2] AndroidManifest.xml:26:22-107
receiver#com.google.android.gms.measurement.AppMeasurementReceiver
ADDED from [com.google.firebase:firebase-analytics:15.0.2] AndroidManifest.xml:29:9-33:20
MERGED from [com.google.firebase:firebase-analytics-impl:15.0.2] AndroidManifest.xml:29:9-33:20
MERGED from [com.google.firebase:firebase-analytics-impl:15.0.2] AndroidManifest.xml:29:9-33:20
	android:enabled
		ADDED from [com.google.firebase:firebase-analytics:15.0.2] AndroidManifest.xml:31:13-35
	android:exported
		ADDED from [com.google.firebase:firebase-analytics:15.0.2] AndroidManifest.xml:32:13-37
	android:name
		ADDED from [com.google.firebase:firebase-analytics:15.0.2] AndroidManifest.xml:30:13-85
receiver#com.google.android.gms.measurement.AppMeasurementInstallReferrerReceiver
ADDED from [com.google.firebase:firebase-analytics:15.0.2] AndroidManifest.xml:34:9-42:20
	android:enabled
		ADDED from [com.google.firebase:firebase-analytics:15.0.2] AndroidManifest.xml:36:13-35
	android:exported
		ADDED from [com.google.firebase:firebase-analytics:15.0.2] AndroidManifest.xml:37:13-36
	android:permission
		ADDED from [com.google.firebase:firebase-analytics:15.0.2] AndroidManifest.xml:38:13-69
	android:name
		ADDED from [com.google.firebase:firebase-analytics:15.0.2] AndroidManifest.xml:35:13-100
intent-filter#com.android.vending.INSTALL_REFERRER
ADDED from [com.google.firebase:firebase-analytics:15.0.2] AndroidManifest.xml:39:13-41:29
action#com.android.vending.INSTALL_REFERRER
ADDED from [com.google.firebase:firebase-analytics:15.0.2] AndroidManifest.xml:40:17-79
	android:name
		ADDED from [com.google.firebase:firebase-analytics:15.0.2] AndroidManifest.xml:40:25-76
service#com.google.android.gms.measurement.AppMeasurementService
ADDED from [com.google.firebase:firebase-analytics:15.0.2] AndroidManifest.xml:44:9-47:40
MERGED from [com.google.firebase:firebase-analytics-impl:15.0.2] AndroidManifest.xml:35:9-38:40
MERGED from [com.google.firebase:firebase-analytics-impl:15.0.2] AndroidManifest.xml:35:9-38:40
	android:enabled
		ADDED from [com.google.firebase:firebase-analytics:15.0.2] AndroidManifest.xml:46:13-35
	android:exported
		ADDED from [com.google.firebase:firebase-analytics:15.0.2] AndroidManifest.xml:47:13-37
	android:name
		ADDED from [com.google.firebase:firebase-analytics:15.0.2] AndroidManifest.xml:45:13-84
service#com.google.android.gms.measurement.AppMeasurementJobService
ADDED from [com.google.firebase:firebase-analytics:15.0.2] AndroidManifest.xml:48:9-52:72
	android:enabled
		ADDED from [com.google.firebase:firebase-analytics:15.0.2] AndroidManifest.xml:50:13-35
	android:exported
		ADDED from [com.google.firebase:firebase-analytics:15.0.2] AndroidManifest.xml:51:13-37
	android:permission
		ADDED from [com.google.firebase:firebase-analytics:15.0.2] AndroidManifest.xml:52:13-69
	android:name
		ADDED from [com.google.firebase:firebase-analytics:15.0.2] AndroidManifest.xml:49:13-87
uses-permission#com.google.android.c2dm.permission.RECEIVE
ADDED from [com.google.firebase:firebase-iid:15.1.0] AndroidManifest.xml:26:5-82
	android:name
		ADDED from [com.google.firebase:firebase-iid:15.1.0] AndroidManifest.xml:26:22-79
permission#${applicationId}.permission.C2D_MESSAGE
ADDED from [com.google.firebase:firebase-iid:15.1.0] AndroidManifest.xml:28:5-30:47
	android:protectionLevel
		ADDED from [com.google.firebase:firebase-iid:15.1.0] AndroidManifest.xml:30:9-44
	android:name
		ADDED from [com.google.firebase:firebase-iid:15.1.0] AndroidManifest.xml:29:9-63
permission#com.helix.smartbluelock.permission.C2D_MESSAGE
ADDED from [com.google.firebase:firebase-iid:15.1.0] AndroidManifest.xml:28:5-30:47
	android:protectionLevel
		ADDED from [com.google.firebase:firebase-iid:15.1.0] AndroidManifest.xml:30:9-44
	android:name
		ADDED from [com.google.firebase:firebase-iid:15.1.0] AndroidManifest.xml:29:9-63
uses-permission#${applicationId}.permission.C2D_MESSAGE
ADDED from [com.google.firebase:firebase-iid:15.1.0] AndroidManifest.xml:32:5-79
	android:name
		ADDED from [com.google.firebase:firebase-iid:15.1.0] AndroidManifest.xml:32:22-76
uses-permission#com.helix.smartbluelock.permission.C2D_MESSAGE
ADDED from [com.google.firebase:firebase-iid:15.1.0] AndroidManifest.xml:32:5-79
	android:name
		ADDED from [com.google.firebase:firebase-iid:15.1.0] AndroidManifest.xml:32:22-76
service#com.google.firebase.components.ComponentDiscoveryService
ADDED from [com.google.firebase:firebase-iid:15.1.0] AndroidManifest.xml:35:9-39:19
	android:name
		ADDED from [com.google.firebase:firebase-iid:15.1.0] AndroidManifest.xml:35:18-89
meta-data#com.google.firebase.components:com.google.firebase.iid.Registrar
ADDED from [com.google.firebase:firebase-iid:15.1.0] AndroidManifest.xml:36:13-38:85
	android:value
		ADDED from [com.google.firebase:firebase-iid:15.1.0] AndroidManifest.xml:38:17-82
	android:name
		ADDED from [com.google.firebase:firebase-iid:15.1.0] AndroidManifest.xml:37:17-96
receiver#com.google.firebase.iid.FirebaseInstanceIdReceiver
ADDED from [com.google.firebase:firebase-iid:15.1.0] AndroidManifest.xml:41:9-50:20
	android:exported
		ADDED from [com.google.firebase:firebase-iid:15.1.0] AndroidManifest.xml:43:13-36
	android:permission
		ADDED from [com.google.firebase:firebase-iid:15.1.0] AndroidManifest.xml:44:13-73
	android:name
		ADDED from [com.google.firebase:firebase-iid:15.1.0] AndroidManifest.xml:42:13-78
intent-filter#${applicationId}+com.google.android.c2dm.intent.RECEIVE
ADDED from [com.google.firebase:firebase-iid:15.1.0] AndroidManifest.xml:45:13-49:29
intent-filter#com.google.android.c2dm.intent.RECEIVE+com.helix.smartbluelock
ADDED from [com.google.firebase:firebase-iid:15.1.0] AndroidManifest.xml:45:13-49:29
action#com.google.android.c2dm.intent.RECEIVE
ADDED from [com.google.firebase:firebase-iid:15.1.0] AndroidManifest.xml:46:17-81
	android:name
		ADDED from [com.google.firebase:firebase-iid:15.1.0] AndroidManifest.xml:46:25-78
category#${applicationId}
ADDED from [com.google.firebase:firebase-iid:15.1.0] AndroidManifest.xml:48:17-61
	android:name
		ADDED from [com.google.firebase:firebase-iid:15.1.0] AndroidManifest.xml:48:27-58
category#com.helix.smartbluelock
ADDED from [com.google.firebase:firebase-iid:15.1.0] AndroidManifest.xml:48:17-61
	android:name
		ADDED from [com.google.firebase:firebase-iid:15.1.0] AndroidManifest.xml:48:27-58
service#com.google.firebase.iid.FirebaseInstanceIdService
ADDED from [com.google.firebase:firebase-iid:15.1.0] AndroidManifest.xml:56:9-62:19
	android:exported
		ADDED from [com.google.firebase:firebase-iid:15.1.0] AndroidManifest.xml:58:13-36
	android:name
		ADDED from [com.google.firebase:firebase-iid:15.1.0] AndroidManifest.xml:57:13-77
intent-filter#com.google.firebase.INSTANCE_ID_EVENT
ADDED from [com.google.firebase:firebase-iid:15.1.0] AndroidManifest.xml:59:13-61:29
	android:priority
		ADDED from [com.google.firebase:firebase-iid:15.1.0] AndroidManifest.xml:59:28-51
action#com.google.firebase.INSTANCE_ID_EVENT
ADDED from [com.google.firebase:firebase-iid:15.1.0] AndroidManifest.xml:60:17-80
	android:name
		ADDED from [com.google.firebase:firebase-iid:15.1.0] AndroidManifest.xml:60:25-77
provider#com.google.firebase.provider.FirebaseInitProvider
ADDED from [com.google.firebase:firebase-common:15.0.1] AndroidManifest.xml:8:9-12:39
	android:authorities
		ADDED from [com.google.firebase:firebase-common:15.0.1] AndroidManifest.xml:10:13-72
	android:exported
		ADDED from [com.google.firebase:firebase-common:15.0.1] AndroidManifest.xml:11:13-37
	android:initOrder
		ADDED from [com.google.firebase:firebase-common:15.0.1] AndroidManifest.xml:12:13-36
	android:name
		ADDED from [com.google.firebase:firebase-common:15.0.1] AndroidManifest.xml:9:13-77
activity#com.google.android.gms.common.api.GoogleApiActivity
ADDED from [com.google.android.gms:play-services-base:15.0.1] AndroidManifest.xml:23:9-26:75
	android:exported
		ADDED from [com.google.android.gms:play-services-base:15.0.1] AndroidManifest.xml:25:13-37
	android:theme
		ADDED from [com.google.android.gms:play-services-base:15.0.1] AndroidManifest.xml:26:13-72
	android:name
		ADDED from [com.google.android.gms:play-services-base:15.0.1] AndroidManifest.xml:24:13-79
meta-data#com.google.android.gms.version
ADDED from [com.google.android.gms:play-services-basement:15.0.1] AndroidManifest.xml:23:9-25:69
	android:value
		ADDED from [com.google.android.gms:play-services-basement:15.0.1] AndroidManifest.xml:25:13-66
	android:name
		ADDED from [com.google.android.gms:play-services-basement:15.0.1] AndroidManifest.xml:24:13-58